# JRE version: OpenJDK Runtime Environment Temurin-17.0.2+8 (17.0.2+8) (build 17.0.2+8)
# Java VM: OpenJDK 64-Bit Server VM Temurin-17.0.2+8 (17.0.2+8, mixed mode, emulated-client, tiered, compressed oops, compressed class ptrs, g1 gc, windows-amd64)
GC Precious Log:
 CPUs: 8 total, 8 available
 Memory: 16092M
 Large Page Support: Disabled
 NUMA Support: Disabled
 Compressed Oops: Enabled (Zero based)
 Heap Region Size: 2M
 Heap Min Capacity: 8M
 Heap Initial Capacity: 252M
 Heap Max Capacity: 4024M
 Pre-touch: Disabled
 Parallel Workers: 8
 Concurrent Workers: 2
 Concurrent Refinement Workers: 8
 Periodic GC: Disabled
Heap:
 garbage-first heap   total 75776K, used 20687K [0x0000000704800000, 0x0000000800000000)
  region size 2048K, 1 young (2048K), 0 survivors (0K)
 Metaspace       used 39331K, committed 39808K, reserved 1089536K
  class space    used 4937K, committed 5120K, reserved 1048576K
GC Heap History (20 events):
Event: 15110.654 GC heap before
{Heap before GC invocations=1483 (full 1453):
 garbage-first heap   total 75776K, used 20687K [0x0000000704800000, 0x0000000800000000)
  region size 2048K, 1 young (2048K), 0 survivors (0K)
 Metaspace       used 39331K, committed 39808K, reserved 1089536K
  class space    used 4937K, committed 5120K, reserved 1048576K
}
Event: 15110.680 GC heap after
{Heap after GC invocations=1484 (full 1454):
 garbage-first heap   total 75776K, used 20687K [0x0000000704800000, 0x0000000800000000)
  region size 2048K, 0 young (0K), 0 survivors (0K)
 Metaspace       used 39331K, committed 39808K, reserved 1089536K
  class space    used 4937K, committed 5120K, reserved 1048576K
}
Event: 15120.803 GC heap before
{Heap before GC invocations=1484 (full 1454):
 garbage-first heap   total 75776K, used 20687K [0x0000000704800000, 0x0000000800000000)
  region size 2048K, 1 young (2048K), 0 survivors (0K)
 Metaspace       used 39331K, committed 39808K, reserved 1089536K
  class space    used 4937K, committed 5120K, reserved 1048576K
}
Event: 15120.824 GC heap after
{Heap after GC invocations=1485 (full 1455):
 garbage-first heap   total 75776K, used 20687K [0x0000000704800000, 0x0000000800000000)
  region size 2048K, 0 young (0K), 0 survivors (0K)
 Metaspace       used 39331K, committed 39808K, reserved 1089536K
  class space    used 4937K, committed 5120K, reserved 1048576K
}
Event: 15130.946 GC heap before
{Heap before GC invocations=1485 (full 1455):
 garbage-first heap   total 75776K, used 20687K [0x0000000704800000, 0x0000000800000000)
  region size 2048K, 1 young (2048K), 0 survivors (0K)
 Metaspace       used 39331K, committed 39808K, reserved 1089536K
  class space    used 4937K, committed 5120K, reserved 1048576K
}
Event: 15130.966 GC heap after
{Heap after GC invocations=1486 (full 1456):
 garbage-first heap   total 75776K, used 20687K [0x0000000704800000, 0x0000000800000000)
  region size 2048K, 0 young (0K), 0 survivors (0K)
 Metaspace       used 39331K, committed 39808K, reserved 1089536K
  class space    used 4937K, committed 5120K, reserved 1048576K
}
Event: 15141.134 GC heap before
{Heap before GC invocations=1486 (full 1456):
 garbage-first heap   total 75776K, used 20687K [0x0000000704800000, 0x0000000800000000)
  region size 2048K, 1 young (2048K), 0 survivors (0K)
 Metaspace       used 39331K, committed 39808K, reserved 1089536K
  class space    used 4937K, committed 5120K, reserved 1048576K
}
Event: 15141.166 GC heap after
{Heap after GC invocations=1487 (full 1457):
 garbage-first heap   total 75776K, used 20687K [0x0000000704800000, 0x0000000800000000)
  region size 2048K, 0 young (0K), 0 survivors (0K)
 Metaspace       used 39331K, committed 39808K, reserved 1089536K
  class space    used 4937K, committed 5120K, reserved 1048576K
}
Event: 15151.325 GC heap before
{Heap before GC invocations=1487 (full 1457):
 garbage-first heap   total 75776K, used 20687K [0x0000000704800000, 0x0000000800000000)
  region size 2048K, 1 young (2048K), 0 survivors (0K)
 Metaspace       used 39331K, committed 39808K, reserved 1089536K
  class space    used 4937K, committed 5120K, reserved 1048576K
}
Event: 15151.355 GC heap after
{Heap after GC invocations=1488 (full 1458):
 garbage-first heap   total 75776K, used 20687K [0x0000000704800000, 0x0000000800000000)
  region size 2048K, 0 young (0K), 0 survivors (0K)
 Metaspace       used 39331K, committed 39808K, reserved 1089536K
  class space    used 4937K, committed 5120K, reserved 1048576K
}
Event: 15161.499 GC heap before
{Heap before GC invocations=1488 (full 1458):
 garbage-first heap   total 75776K, used 20687K [0x0000000704800000, 0x0000000800000000)
  region size 2048K, 1 young (2048K), 0 survivors (0K)
 Metaspace       used 39331K, committed 39808K, reserved 1089536K
  class space    used 4937K, committed 5120K, reserved 1048576K
}
Event: 15161.523 GC heap after
{Heap after GC invocations=1489 (full 1459):
 garbage-first heap   total 75776K, used 20687K [0x0000000704800000, 0x0000000800000000)
  region size 2048K, 0 young (0K), 0 survivors (0K)
 Metaspace       used 39331K, committed 39808K, reserved 1089536K
  class space    used 4937K, committed 5120K, reserved 1048576K
}
Event: 15171.732 GC heap before
{Heap before GC invocations=1489 (full 1459):
 garbage-first heap   total 75776K, used 20687K [0x0000000704800000, 0x0000000800000000)
  region size 2048K, 1 young (2048K), 0 survivors (0K)
 Metaspace       used 39331K, committed 39808K, reserved 1089536K
  class space    used 4937K, committed 5120K, reserved 1048576K
}
Event: 15171.766 GC heap after
{Heap after GC invocations=1490 (full 1460):
 garbage-first heap   total 75776K, used 20687K [0x0000000704800000, 0x0000000800000000)
  region size 2048K, 0 young (0K), 0 survivors (0K)
 Metaspace       used 39331K, committed 39808K, reserved 1089536K
  class space    used 4937K, committed 5120K, reserved 1048576K
}
Event: 15181.957 GC heap before
{Heap before GC invocations=1490 (full 1460):
 garbage-first heap   total 75776K, used 20687K [0x0000000704800000, 0x0000000800000000)
  region size 2048K, 1 young (2048K), 0 survivors (0K)
 Metaspace       used 39331K, committed 39808K, reserved 1089536K
  class space    used 4937K, committed 5120K, reserved 1048576K
}
Event: 15181.989 GC heap after
{Heap after GC invocations=1491 (full 1461):
 garbage-first heap   total 75776K, used 20687K [0x0000000704800000, 0x0000000800000000)
  region size 2048K, 0 young (0K), 0 survivors (0K)
 Metaspace       used 39331K, committed 39808K, reserved 1089536K
  class space    used 4937K, committed 5120K, reserved 1048576K
}
Event: 15192.129 GC heap before
{Heap before GC invocations=1491 (full 1461):
 garbage-first heap   total 75776K, used 20687K [0x0000000704800000, 0x0000000800000000)
  region size 2048K, 1 young (2048K), 0 survivors (0K)
 Metaspace       used 39331K, committed 39808K, reserved 1089536K
  class space    used 4937K, committed 5120K, reserved 1048576K
}
Event: 15192.156 GC heap after
{Heap after GC invocations=1492 (full 1462):
 garbage-first heap   total 75776K, used 20687K [0x0000000704800000, 0x0000000800000000)
  region size 2048K, 0 young (0K), 0 survivors (0K)
 Metaspace       used 39331K, committed 39808K, reserved 1089536K
  class space    used 4937K, committed 5120K, reserved 1048576K
}
Event: 15202.322 GC heap before
{Heap before GC invocations=1492 (full 1462):
 garbage-first heap   total 75776K, used 20687K [0x0000000704800000, 0x0000000800000000)
  region size 2048K, 1 young (2048K), 0 survivors (0K)
 Metaspace       used 39331K, committed 39808K, reserved 1089536K
  class space    used 4937K, committed 5120K, reserved 1048576K
}
Event: 15202.348 GC heap after
{Heap after GC invocations=1493 (full 1463):
 garbage-first heap   total 75776K, used 20687K [0x0000000704800000, 0x0000000800000000)
  region size 2048K, 0 young (0K), 0 survivors (0K)
 Metaspace       used 39331K, committed 39808K, reserved 1089536K
  class space    used 4937K, committed 5120K, reserved 1048576K
}

